<?xml version="1.0" encoding="UTF-8"?>
<!-- Generated by org.testng.reporters.JUnitReportReporter -->
<testsuite hostname="dhcp-10-105-17-232.wireless.northwestern.private" name="com.AppiumTest.AppiumTest" tests="1" failures="0" timestamp="9 Jun 2015 05:02:45 GMT" time="108.732" errors="0">
  <testcase name="loginTest" time="108.732" classname="com.AppiumTest.AppiumTest"/>
</testsuite> <!-- com.AppiumTest.AppiumTest -->
